<?xml version="1.0" encoding="UTF-8"?>
<testsuite xmlns:xsi="http://www.w3.org/2001/XMLSchema-instance" xsi:noNamespaceSchemaLocation="https://maven.apache.org/surefire/maven-surefire-plugin/xsd/surefire-test-report-3.0.xsd" version="3.0" name="com.lyh.springboot.SpringbootApplicationTests" time="10.553" tests="1" errors="0" skipped="0" failures="0">
  <properties>
    <property name="java.specification.version" value="21"/>
    <property name="sun.cpu.isalist" value="amd64"/>
    <property name="sun.jnu.encoding" value="GBK"/>
    <property name="java.class.path" value="D:\Desktop\behinddemo\springboot\target\test-classes;D:\Desktop\behinddemo\springboot\target\classes;D:\bc\MAVEN\maven-repository\org\mybatis\spring\boot\mybatis-spring-boot-starter\3.0.4\mybatis-spring-boot-starter-3.0.4.jar;D:\bc\MAVEN\maven-repository\org\springframework\boot\spring-boot-starter\3.3.7\spring-boot-starter-3.3.7.jar;D:\bc\MAVEN\maven-repository\org\springframework\boot\spring-boot\3.3.7\spring-boot-3.3.7.jar;D:\bc\MAVEN\maven-repository\org\springframework\boot\spring-boot-autoconfigure\3.3.7\spring-boot-autoconfigure-3.3.7.jar;D:\bc\MAVEN\maven-repository\org\springframework\boot\spring-boot-starter-logging\3.3.7\spring-boot-starter-logging-3.3.7.jar;D:\bc\MAVEN\maven-repository\ch\qos\logback\logback-classic\1.5.12\logback-classic-1.5.12.jar;D:\bc\MAVEN\maven-repository\ch\qos\logback\logback-core\1.5.12\logback-core-1.5.12.jar;D:\bc\MAVEN\maven-repository\org\apache\logging\log4j\log4j-to-slf4j\2.23.1\log4j-to-slf4j-2.23.1.jar;D:\bc\MAVEN\maven-repository\org\slf4j\jul-to-slf4j\2.0.16\jul-to-slf4j-2.0.16.jar;D:\bc\MAVEN\maven-repository\jakarta\annotation\jakarta.annotation-api\2.1.1\jakarta.annotation-api-2.1.1.jar;D:\bc\MAVEN\maven-repository\org\springframework\spring-core\6.1.16\spring-core-6.1.16.jar;D:\bc\MAVEN\maven-repository\org\springframework\spring-jcl\6.1.16\spring-jcl-6.1.16.jar;D:\bc\MAVEN\maven-repository\org\yaml\snakeyaml\2.2\snakeyaml-2.2.jar;D:\bc\MAVEN\maven-repository\org\mybatis\spring\boot\mybatis-spring-boot-autoconfigure\3.0.4\mybatis-spring-boot-autoconfigure-3.0.4.jar;D:\bc\MAVEN\maven-repository\org\mybatis\mybatis\3.5.17\mybatis-3.5.17.jar;D:\bc\MAVEN\maven-repository\org\mybatis\mybatis-spring\3.0.4\mybatis-spring-3.0.4.jar;D:\bc\MAVEN\maven-repository\org\mybatis\spring\boot\mybatis-spring-boot-starter-test\3.0.4\mybatis-spring-boot-starter-test-3.0.4.jar;D:\bc\MAVEN\maven-repository\org\springframework\boot\spring-boot-starter-test\3.3.7\spring-boot-starter-test-3.3.7.jar;D:\bc\MAVEN\maven-repository\org\springframework\boot\spring-boot-test\3.3.7\spring-boot-test-3.3.7.jar;D:\bc\MAVEN\maven-repository\org\springframework\boot\spring-boot-test-autoconfigure\3.3.7\spring-boot-test-autoconfigure-3.3.7.jar;D:\bc\MAVEN\maven-repository\com\jayway\jsonpath\json-path\2.9.0\json-path-2.9.0.jar;D:\bc\MAVEN\maven-repository\jakarta\xml\bind\jakarta.xml.bind-api\4.0.2\jakarta.xml.bind-api-4.0.2.jar;D:\bc\MAVEN\maven-repository\jakarta\activation\jakarta.activation-api\2.1.3\jakarta.activation-api-2.1.3.jar;D:\bc\MAVEN\maven-repository\net\minidev\json-smart\2.5.1\json-smart-2.5.1.jar;D:\bc\MAVEN\maven-repository\net\minidev\accessors-smart\2.5.1\accessors-smart-2.5.1.jar;D:\bc\MAVEN\maven-repository\org\ow2\asm\asm\9.6\asm-9.6.jar;D:\bc\MAVEN\maven-repository\org\assertj\assertj-core\3.25.3\assertj-core-3.25.3.jar;D:\bc\MAVEN\maven-repository\net\bytebuddy\byte-buddy\1.14.19\byte-buddy-1.14.19.jar;D:\bc\MAVEN\maven-repository\org\awaitility\awaitility\4.2.2\awaitility-4.2.2.jar;D:\bc\MAVEN\maven-repository\org\hamcrest\hamcrest\2.2\hamcrest-2.2.jar;D:\bc\MAVEN\maven-repository\org\junit\jupiter\junit-jupiter\5.10.5\junit-jupiter-5.10.5.jar;D:\bc\MAVEN\maven-repository\org\junit\jupiter\junit-jupiter-api\5.10.5\junit-jupiter-api-5.10.5.jar;D:\bc\MAVEN\maven-repository\org\opentest4j\opentest4j\1.3.0\opentest4j-1.3.0.jar;D:\bc\MAVEN\maven-repository\org\junit\platform\junit-platform-commons\1.10.5\junit-platform-commons-1.10.5.jar;D:\bc\MAVEN\maven-repository\org\apiguardian\apiguardian-api\1.1.2\apiguardian-api-1.1.2.jar;D:\bc\MAVEN\maven-repository\org\junit\jupiter\junit-jupiter-params\5.10.5\junit-jupiter-params-5.10.5.jar;D:\bc\MAVEN\maven-repository\org\junit\jupiter\junit-jupiter-engine\5.10.5\junit-jupiter-engine-5.10.5.jar;D:\bc\MAVEN\maven-repository\org\junit\platform\junit-platform-engine\1.10.5\junit-platform-engine-1.10.5.jar;D:\bc\MAVEN\maven-repository\org\mockito\mockito-core\5.11.0\mockito-core-5.11.0.jar;D:\bc\MAVEN\maven-repository\net\bytebuddy\byte-buddy-agent\1.14.19\byte-buddy-agent-1.14.19.jar;D:\bc\MAVEN\maven-repository\org\objenesis\objenesis\3.3\objenesis-3.3.jar;D:\bc\MAVEN\maven-repository\org\mockito\mockito-junit-jupiter\5.11.0\mockito-junit-jupiter-5.11.0.jar;D:\bc\MAVEN\maven-repository\org\skyscreamer\jsonassert\1.5.3\jsonassert-1.5.3.jar;D:\bc\MAVEN\maven-repository\com\vaadin\external\google\android-json\0.0.20131108.vaadin1\android-json-0.0.20131108.vaadin1.jar;D:\bc\MAVEN\maven-repository\org\springframework\spring-test\6.1.16\spring-test-6.1.16.jar;D:\bc\MAVEN\maven-repository\org\xmlunit\xmlunit-core\2.9.1\xmlunit-core-2.9.1.jar;D:\bc\MAVEN\maven-repository\org\mybatis\spring\boot\mybatis-spring-boot-test-autoconfigure\3.0.4\mybatis-spring-boot-test-autoconfigure-3.0.4.jar;D:\bc\MAVEN\maven-repository\org\springframework\spring-tx\6.1.16\spring-tx-6.1.16.jar;D:\bc\MAVEN\maven-repository\com\mysql\mysql-connector-j\8.3.0\mysql-connector-j-8.3.0.jar;D:\bc\MAVEN\maven-repository\org\springframework\boot\spring-boot-starter-web\3.3.7\spring-boot-starter-web-3.3.7.jar;D:\bc\MAVEN\maven-repository\org\springframework\boot\spring-boot-starter-json\3.3.7\spring-boot-starter-json-3.3.7.jar;D:\bc\MAVEN\maven-repository\com\fasterxml\jackson\core\jackson-databind\2.17.3\jackson-databind-2.17.3.jar;D:\bc\MAVEN\maven-repository\com\fasterxml\jackson\core\jackson-annotations\2.17.3\jackson-annotations-2.17.3.jar;D:\bc\MAVEN\maven-repository\com\fasterxml\jackson\core\jackson-core\2.17.3\jackson-core-2.17.3.jar;D:\bc\MAVEN\maven-repository\com\fasterxml\jackson\datatype\jackson-datatype-jdk8\2.17.3\jackson-datatype-jdk8-2.17.3.jar;D:\bc\MAVEN\maven-repository\com\fasterxml\jackson\datatype\jackson-datatype-jsr310\2.17.3\jackson-datatype-jsr310-2.17.3.jar;D:\bc\MAVEN\maven-repository\com\fasterxml\jackson\module\jackson-module-parameter-names\2.17.3\jackson-module-parameter-names-2.17.3.jar;D:\bc\MAVEN\maven-repository\org\springframework\boot\spring-boot-starter-tomcat\3.3.7\spring-boot-starter-tomcat-3.3.7.jar;D:\bc\MAVEN\maven-repository\org\apache\tomcat\embed\tomcat-embed-core\10.1.34\tomcat-embed-core-10.1.34.jar;D:\bc\MAVEN\maven-repository\org\apache\tomcat\embed\tomcat-embed-el\10.1.34\tomcat-embed-el-10.1.34.jar;D:\bc\MAVEN\maven-repository\org\apache\tomcat\embed\tomcat-embed-websocket\10.1.34\tomcat-embed-websocket-10.1.34.jar;D:\bc\MAVEN\maven-repository\org\springframework\spring-web\6.1.16\spring-web-6.1.16.jar;D:\bc\MAVEN\maven-repository\org\springframework\spring-beans\6.1.16\spring-beans-6.1.16.jar;D:\bc\MAVEN\maven-repository\io\micrometer\micrometer-observation\1.13.9\micrometer-observation-1.13.9.jar;D:\bc\MAVEN\maven-repository\io\micrometer\micrometer-commons\1.13.9\micrometer-commons-1.13.9.jar;D:\bc\MAVEN\maven-repository\org\springframework\spring-webmvc\6.1.16\spring-webmvc-6.1.16.jar;D:\bc\MAVEN\maven-repository\org\springframework\spring-aop\6.1.16\spring-aop-6.1.16.jar;D:\bc\MAVEN\maven-repository\org\springframework\spring-context\6.1.16\spring-context-6.1.16.jar;D:\bc\MAVEN\maven-repository\org\springframework\spring-expression\6.1.16\spring-expression-6.1.16.jar;D:\bc\MAVEN\maven-repository\org\springframework\boot\spring-boot-starter-jdbc\3.3.7\spring-boot-starter-jdbc-3.3.7.jar;D:\bc\MAVEN\maven-repository\com\zaxxer\HikariCP\5.1.0\HikariCP-5.1.0.jar;D:\bc\MAVEN\maven-repository\org\slf4j\slf4j-api\2.0.16\slf4j-api-2.0.16.jar;D:\bc\MAVEN\maven-repository\org\springframework\spring-jdbc\6.1.16\spring-jdbc-6.1.16.jar;D:\bc\MAVEN\maven-repository\cn\hutool\hutool-all\5.8.25\hutool-all-5.8.25.jar;D:\bc\MAVEN\maven-repository\org\apache\poi\poi-ooxml\5.3.0\poi-ooxml-5.3.0.jar;D:\bc\MAVEN\maven-repository\org\apache\poi\poi\5.3.0\poi-5.3.0.jar;D:\bc\MAVEN\maven-repository\commons-codec\commons-codec\1.16.1\commons-codec-1.16.1.jar;D:\bc\MAVEN\maven-repository\org\apache\commons\commons-math3\3.6.1\commons-math3-3.6.1.jar;D:\bc\MAVEN\maven-repository\com\zaxxer\SparseBitSet\1.3\SparseBitSet-1.3.jar;D:\bc\MAVEN\maven-repository\org\apache\poi\poi-ooxml-lite\5.3.0\poi-ooxml-lite-5.3.0.jar;D:\bc\MAVEN\maven-repository\org\apache\xmlbeans\xmlbeans\5.2.1\xmlbeans-5.2.1.jar;D:\bc\MAVEN\maven-repository\org\apache\commons\commons-compress\1.26.2\commons-compress-1.26.2.jar;D:\bc\MAVEN\maven-repository\org\apache\commons\commons-lang3\3.14.0\commons-lang3-3.14.0.jar;D:\bc\MAVEN\maven-repository\commons-io\commons-io\2.16.1\commons-io-2.16.1.jar;D:\bc\MAVEN\maven-repository\com\github\virtuald\curvesapi\1.08\curvesapi-1.08.jar;D:\bc\MAVEN\maven-repository\org\apache\logging\log4j\log4j-api\2.23.1\log4j-api-2.23.1.jar;D:\bc\MAVEN\maven-repository\org\apache\commons\commons-collections4\4.4\commons-collections4-4.4.jar;D:\bc\MAVEN\maven-repository\com\github\pagehelper\pagehelper-spring-boot-starter\1.4.6\pagehelper-spring-boot-starter-1.4.6.jar;D:\bc\MAVEN\maven-repository\com\github\pagehelper\pagehelper-spring-boot-autoconfigure\1.4.6\pagehelper-spring-boot-autoconfigure-1.4.6.jar;D:\bc\MAVEN\maven-repository\com\github\pagehelper\pagehelper\5.3.2\pagehelper-5.3.2.jar;D:\bc\MAVEN\maven-repository\com\github\jsqlparser\jsqlparser\4.5\jsqlparser-4.5.jar;"/>
    <property name="java.vm.vendor" value="Oracle Corporation"/>
    <property name="sun.arch.data.model" value="64"/>
    <property name="user.variant" value=""/>
    <property name="java.vendor.url" value="https://java.oracle.com/"/>
    <property name="user.timezone" value="Asia/Shanghai"/>
    <property name="os.name" value="Windows 11"/>
    <property name="java.vm.specification.version" value="21"/>
    <property name="sun.java.launcher" value="SUN_STANDARD"/>
    <property name="user.country" value="CN"/>
    <property name="sun.boot.library.path" value="C:\Program Files\Java\jdk-21\bin"/>
    <property name="sun.java.command" value="C:\Users\14288\AppData\Local\Temp\surefire9394486195442959225\surefirebooter-20250218200149251_3.jar C:\Users\14288\AppData\Local\Temp\surefire9394486195442959225 2025-02-18T20-01-48_556-jvmRun1 surefire-20250218200149251_1tmp surefire_0-20250218200149251_2tmp"/>
    <property name="jdk.debug" value="release"/>
    <property name="surefire.test.class.path" value="D:\Desktop\behinddemo\springboot\target\test-classes;D:\Desktop\behinddemo\springboot\target\classes;D:\bc\MAVEN\maven-repository\org\mybatis\spring\boot\mybatis-spring-boot-starter\3.0.4\mybatis-spring-boot-starter-3.0.4.jar;D:\bc\MAVEN\maven-repository\org\springframework\boot\spring-boot-starter\3.3.7\spring-boot-starter-3.3.7.jar;D:\bc\MAVEN\maven-repository\org\springframework\boot\spring-boot\3.3.7\spring-boot-3.3.7.jar;D:\bc\MAVEN\maven-repository\org\springframework\boot\spring-boot-autoconfigure\3.3.7\spring-boot-autoconfigure-3.3.7.jar;D:\bc\MAVEN\maven-repository\org\springframework\boot\spring-boot-starter-logging\3.3.7\spring-boot-starter-logging-3.3.7.jar;D:\bc\MAVEN\maven-repository\ch\qos\logback\logback-classic\1.5.12\logback-classic-1.5.12.jar;D:\bc\MAVEN\maven-repository\ch\qos\logback\logback-core\1.5.12\logback-core-1.5.12.jar;D:\bc\MAVEN\maven-repository\org\apache\logging\log4j\log4j-to-slf4j\2.23.1\log4j-to-slf4j-2.23.1.jar;D:\bc\MAVEN\maven-repository\org\slf4j\jul-to-slf4j\2.0.16\jul-to-slf4j-2.0.16.jar;D:\bc\MAVEN\maven-repository\jakarta\annotation\jakarta.annotation-api\2.1.1\jakarta.annotation-api-2.1.1.jar;D:\bc\MAVEN\maven-repository\org\springframework\spring-core\6.1.16\spring-core-6.1.16.jar;D:\bc\MAVEN\maven-repository\org\springframework\spring-jcl\6.1.16\spring-jcl-6.1.16.jar;D:\bc\MAVEN\maven-repository\org\yaml\snakeyaml\2.2\snakeyaml-2.2.jar;D:\bc\MAVEN\maven-repository\org\mybatis\spring\boot\mybatis-spring-boot-autoconfigure\3.0.4\mybatis-spring-boot-autoconfigure-3.0.4.jar;D:\bc\MAVEN\maven-repository\org\mybatis\mybatis\3.5.17\mybatis-3.5.17.jar;D:\bc\MAVEN\maven-repository\org\mybatis\mybatis-spring\3.0.4\mybatis-spring-3.0.4.jar;D:\bc\MAVEN\maven-repository\org\mybatis\spring\boot\mybatis-spring-boot-starter-test\3.0.4\mybatis-spring-boot-starter-test-3.0.4.jar;D:\bc\MAVEN\maven-repository\org\springframework\boot\spring-boot-starter-test\3.3.7\spring-boot-starter-test-3.3.7.jar;D:\bc\MAVEN\maven-repository\org\springframework\boot\spring-boot-test\3.3.7\spring-boot-test-3.3.7.jar;D:\bc\MAVEN\maven-repository\org\springframework\boot\spring-boot-test-autoconfigure\3.3.7\spring-boot-test-autoconfigure-3.3.7.jar;D:\bc\MAVEN\maven-repository\com\jayway\jsonpath\json-path\2.9.0\json-path-2.9.0.jar;D:\bc\MAVEN\maven-repository\jakarta\xml\bind\jakarta.xml.bind-api\4.0.2\jakarta.xml.bind-api-4.0.2.jar;D:\bc\MAVEN\maven-repository\jakarta\activation\jakarta.activation-api\2.1.3\jakarta.activation-api-2.1.3.jar;D:\bc\MAVEN\maven-repository\net\minidev\json-smart\2.5.1\json-smart-2.5.1.jar;D:\bc\MAVEN\maven-repository\net\minidev\accessors-smart\2.5.1\accessors-smart-2.5.1.jar;D:\bc\MAVEN\maven-repository\org\ow2\asm\asm\9.6\asm-9.6.jar;D:\bc\MAVEN\maven-repository\org\assertj\assertj-core\3.25.3\assertj-core-3.25.3.jar;D:\bc\MAVEN\maven-repository\net\bytebuddy\byte-buddy\1.14.19\byte-buddy-1.14.19.jar;D:\bc\MAVEN\maven-repository\org\awaitility\awaitility\4.2.2\awaitility-4.2.2.jar;D:\bc\MAVEN\maven-repository\org\hamcrest\hamcrest\2.2\hamcrest-2.2.jar;D:\bc\MAVEN\maven-repository\org\junit\jupiter\junit-jupiter\5.10.5\junit-jupiter-5.10.5.jar;D:\bc\MAVEN\maven-repository\org\junit\jupiter\junit-jupiter-api\5.10.5\junit-jupiter-api-5.10.5.jar;D:\bc\MAVEN\maven-repository\org\opentest4j\opentest4j\1.3.0\opentest4j-1.3.0.jar;D:\bc\MAVEN\maven-repository\org\junit\platform\junit-platform-commons\1.10.5\junit-platform-commons-1.10.5.jar;D:\bc\MAVEN\maven-repository\org\apiguardian\apiguardian-api\1.1.2\apiguardian-api-1.1.2.jar;D:\bc\MAVEN\maven-repository\org\junit\jupiter\junit-jupiter-params\5.10.5\junit-jupiter-params-5.10.5.jar;D:\bc\MAVEN\maven-repository\org\junit\jupiter\junit-jupiter-engine\5.10.5\junit-jupiter-engine-5.10.5.jar;D:\bc\MAVEN\maven-repository\org\junit\platform\junit-platform-engine\1.10.5\junit-platform-engine-1.10.5.jar;D:\bc\MAVEN\maven-repository\org\mockito\mockito-core\5.11.0\mockito-core-5.11.0.jar;D:\bc\MAVEN\maven-repository\net\bytebuddy\byte-buddy-agent\1.14.19\byte-buddy-agent-1.14.19.jar;D:\bc\MAVEN\maven-repository\org\objenesis\objenesis\3.3\objenesis-3.3.jar;D:\bc\MAVEN\maven-repository\org\mockito\mockito-junit-jupiter\5.11.0\mockito-junit-jupiter-5.11.0.jar;D:\bc\MAVEN\maven-repository\org\skyscreamer\jsonassert\1.5.3\jsonassert-1.5.3.jar;D:\bc\MAVEN\maven-repository\com\vaadin\external\google\android-json\0.0.20131108.vaadin1\android-json-0.0.20131108.vaadin1.jar;D:\bc\MAVEN\maven-repository\org\springframework\spring-test\6.1.16\spring-test-6.1.16.jar;D:\bc\MAVEN\maven-repository\org\xmlunit\xmlunit-core\2.9.1\xmlunit-core-2.9.1.jar;D:\bc\MAVEN\maven-repository\org\mybatis\spring\boot\mybatis-spring-boot-test-autoconfigure\3.0.4\mybatis-spring-boot-test-autoconfigure-3.0.4.jar;D:\bc\MAVEN\maven-repository\org\springframework\spring-tx\6.1.16\spring-tx-6.1.16.jar;D:\bc\MAVEN\maven-repository\com\mysql\mysql-connector-j\8.3.0\mysql-connector-j-8.3.0.jar;D:\bc\MAVEN\maven-repository\org\springframework\boot\spring-boot-starter-web\3.3.7\spring-boot-starter-web-3.3.7.jar;D:\bc\MAVEN\maven-repository\org\springframework\boot\spring-boot-starter-json\3.3.7\spring-boot-starter-json-3.3.7.jar;D:\bc\MAVEN\maven-repository\com\fasterxml\jackson\core\jackson-databind\2.17.3\jackson-databind-2.17.3.jar;D:\bc\MAVEN\maven-repository\com\fasterxml\jackson\core\jackson-annotations\2.17.3\jackson-annotations-2.17.3.jar;D:\bc\MAVEN\maven-repository\com\fasterxml\jackson\core\jackson-core\2.17.3\jackson-core-2.17.3.jar;D:\bc\MAVEN\maven-repository\com\fasterxml\jackson\datatype\jackson-datatype-jdk8\2.17.3\jackson-datatype-jdk8-2.17.3.jar;D:\bc\MAVEN\maven-repository\com\fasterxml\jackson\datatype\jackson-datatype-jsr310\2.17.3\jackson-datatype-jsr310-2.17.3.jar;D:\bc\MAVEN\maven-repository\com\fasterxml\jackson\module\jackson-module-parameter-names\2.17.3\jackson-module-parameter-names-2.17.3.jar;D:\bc\MAVEN\maven-repository\org\springframework\boot\spring-boot-starter-tomcat\3.3.7\spring-boot-starter-tomcat-3.3.7.jar;D:\bc\MAVEN\maven-repository\org\apache\tomcat\embed\tomcat-embed-core\10.1.34\tomcat-embed-core-10.1.34.jar;D:\bc\MAVEN\maven-repository\org\apache\tomcat\embed\tomcat-embed-el\10.1.34\tomcat-embed-el-10.1.34.jar;D:\bc\MAVEN\maven-repository\org\apache\tomcat\embed\tomcat-embed-websocket\10.1.34\tomcat-embed-websocket-10.1.34.jar;D:\bc\MAVEN\maven-repository\org\springframework\spring-web\6.1.16\spring-web-6.1.16.jar;D:\bc\MAVEN\maven-repository\org\springframework\spring-beans\6.1.16\spring-beans-6.1.16.jar;D:\bc\MAVEN\maven-repository\io\micrometer\micrometer-observation\1.13.9\micrometer-observation-1.13.9.jar;D:\bc\MAVEN\maven-repository\io\micrometer\micrometer-commons\1.13.9\micrometer-commons-1.13.9.jar;D:\bc\MAVEN\maven-repository\org\springframework\spring-webmvc\6.1.16\spring-webmvc-6.1.16.jar;D:\bc\MAVEN\maven-repository\org\springframework\spring-aop\6.1.16\spring-aop-6.1.16.jar;D:\bc\MAVEN\maven-repository\org\springframework\spring-context\6.1.16\spring-context-6.1.16.jar;D:\bc\MAVEN\maven-repository\org\springframework\spring-expression\6.1.16\spring-expression-6.1.16.jar;D:\bc\MAVEN\maven-repository\org\springframework\boot\spring-boot-starter-jdbc\3.3.7\spring-boot-starter-jdbc-3.3.7.jar;D:\bc\MAVEN\maven-repository\com\zaxxer\HikariCP\5.1.0\HikariCP-5.1.0.jar;D:\bc\MAVEN\maven-repository\org\slf4j\slf4j-api\2.0.16\slf4j-api-2.0.16.jar;D:\bc\MAVEN\maven-repository\org\springframework\spring-jdbc\6.1.16\spring-jdbc-6.1.16.jar;D:\bc\MAVEN\maven-repository\cn\hutool\hutool-all\5.8.25\hutool-all-5.8.25.jar;D:\bc\MAVEN\maven-repository\org\apache\poi\poi-ooxml\5.3.0\poi-ooxml-5.3.0.jar;D:\bc\MAVEN\maven-repository\org\apache\poi\poi\5.3.0\poi-5.3.0.jar;D:\bc\MAVEN\maven-repository\commons-codec\commons-codec\1.16.1\commons-codec-1.16.1.jar;D:\bc\MAVEN\maven-repository\org\apache\commons\commons-math3\3.6.1\commons-math3-3.6.1.jar;D:\bc\MAVEN\maven-repository\com\zaxxer\SparseBitSet\1.3\SparseBitSet-1.3.jar;D:\bc\MAVEN\maven-repository\org\apache\poi\poi-ooxml-lite\5.3.0\poi-ooxml-lite-5.3.0.jar;D:\bc\MAVEN\maven-repository\org\apache\xmlbeans\xmlbeans\5.2.1\xmlbeans-5.2.1.jar;D:\bc\MAVEN\maven-repository\org\apache\commons\commons-compress\1.26.2\commons-compress-1.26.2.jar;D:\bc\MAVEN\maven-repository\org\apache\commons\commons-lang3\3.14.0\commons-lang3-3.14.0.jar;D:\bc\MAVEN\maven-repository\commons-io\commons-io\2.16.1\commons-io-2.16.1.jar;D:\bc\MAVEN\maven-repository\com\github\virtuald\curvesapi\1.08\curvesapi-1.08.jar;D:\bc\MAVEN\maven-repository\org\apache\logging\log4j\log4j-api\2.23.1\log4j-api-2.23.1.jar;D:\bc\MAVEN\maven-repository\org\apache\commons\commons-collections4\4.4\commons-collections4-4.4.jar;D:\bc\MAVEN\maven-repository\com\github\pagehelper\pagehelper-spring-boot-starter\1.4.6\pagehelper-spring-boot-starter-1.4.6.jar;D:\bc\MAVEN\maven-repository\com\github\pagehelper\pagehelper-spring-boot-autoconfigure\1.4.6\pagehelper-spring-boot-autoconfigure-1.4.6.jar;D:\bc\MAVEN\maven-repository\com\github\pagehelper\pagehelper\5.3.2\pagehelper-5.3.2.jar;D:\bc\MAVEN\maven-repository\com\github\jsqlparser\jsqlparser\4.5\jsqlparser-4.5.jar;"/>
    <property name="sun.cpu.endian" value="little"/>
    <property name="user.home" value="C:\Users\14288"/>
    <property name="user.language" value="zh"/>
    <property name="java.specification.vendor" value="Oracle Corporation"/>
    <property name="java.version.date" value="2023-10-17"/>
    <property name="java.home" value="C:\Program Files\Java\jdk-21"/>
    <property name="file.separator" value="\"/>
    <property name="basedir" value="D:\Desktop\behinddemo\springboot"/>
    <property name="java.vm.compressedOopsMode" value="Zero based"/>
    <property name="line.separator" value="&#10;"/>
    <property name="java.vm.specification.vendor" value="Oracle Corporation"/>
    <property name="java.specification.name" value="Java Platform API Specification"/>
    <property name="FILE_LOG_CHARSET" value="UTF-8"/>
    <property name="java.awt.headless" value="true"/>
    <property name="surefire.real.class.path" value="C:\Users\14288\AppData\Local\Temp\surefire9394486195442959225\surefirebooter-20250218200149251_3.jar"/>
    <property name="user.script" value=""/>
    <property name="sun.management.compiler" value="HotSpot 64-Bit Tiered Compilers"/>
    <property name="java.runtime.version" value="21.0.1+12-LTS-29"/>
    <property name="user.name" value="14288"/>
    <property name="stdout.encoding" value="GBK"/>
    <property name="path.separator" value=";"/>
    <property name="os.version" value="10.0"/>
    <property name="java.runtime.name" value="Java(TM) SE Runtime Environment"/>
    <property name="file.encoding" value="UTF-8"/>
    <property name="java.vm.name" value="Java HotSpot(TM) 64-Bit Server VM"/>
    <property name="localRepository" value="D:\bc\MAVEN\maven-repository"/>
    <property name="java.vendor.url.bug" value="https://bugreport.java.com/bugreport/"/>
    <property name="java.io.tmpdir" value="C:\Users\14288\AppData\Local\Temp\"/>
    <property name="idea.version" value="2024.3"/>
    <property name="java.version" value="21.0.1"/>
    <property name="user.dir" value="D:\Desktop\behinddemo\springboot"/>
    <property name="os.arch" value="amd64"/>
    <property name="java.vm.specification.name" value="Java Virtual Machine Specification"/>
    <property name="PID" value="12500"/>
    <property name="sun.os.patch.level" value=""/>
    <property name="CONSOLE_LOG_CHARSET" value="UTF-8"/>
    <property name="native.encoding" value="GBK"/>
    <property name="java.library.path" value="C:\Program Files\Java\jdk-21\bin;C:\WINDOWS\Sun\Java\bin;C:\WINDOWS\system32;C:\WINDOWS;D:\Anaconda\condabin;C:\Program Files\NVIDIA GPU Computing Toolkit\CUDA\v12.6\bin;C:\Program Files\NVIDIA GPU Computing Toolkit\CUDA\v12.6\libnvvp;C:\Program Files (x86)\VMware\VMware Workstation\bin\;C:\Program Files\Common Files\Oracle\Java\javapath;C:\Windows\system32;C:\Windows;C:\Windows\System32\Wbem;C:\Windows\System32\WindowsPowerShell\v1.0\;C:\Windows\System32\OpenSSH\;C:\Program Files (x86)\NVIDIA Corporation\PhysX\Common;C:\Program Files\Microsoft SQL Server\120\Tools\Binn\;C:\WINDOWS\system32;C:\WINDOWS;C:\WINDOWS\System32\Wbem;C:\WINDOWS\System32\WindowsPowerShell\v1.0\;C:\WINDOWS\System32\OpenSSH\;C:\Program Files\dotnet\;C:\Program Files (x86)\Windows Kits\10\Windows Performance Toolkit\;D:\bc\Git\cmd;E:\anaconda3\Scripts;E:\anaconda3\Library\bin;E:\anaconda3\Library\usr\bin;E:\anaconda3\Library\mingw-w64\bin;E:\anaconda3;D:\nvm\nvm;D:\nvm\nvm\v20.17.0;D:\\Desktop\\npm_repository\\npm_global;D:\bc\cmake\bin;C:\Program Files\NVIDIA Corporation\Nsight Compute 2024.3.2\;C:\Program Files\NVIDIA Corporation\NVIDIA NvDLISR;%MAVEN_HOME%\bin;D:\bc\MAVEN\apache-maven-3.9.9\bin;%CUDA_HOME%\bin;C:\Program Files\Java\jdk-21\bin;C:\Program Files\MySQL\MySQL Server 8.0\bin;C:\Program Files\Go\bin;C:\hugo\bin;C:\Program Files\MySQL\MySQL Shell 8.0\bin\;D:\Anaconda;D:\Anaconda\Library\mingw-w64\bin;D:\Anaconda\Library\usr\bin;D:\Anaconda\Library\bin;D:\Anaconda\Scripts;D:\bc\Scripts\;D:\bc\;D:\python\Scripts\;D:\python\;C:\Users\14288\AppData\Local\Microsoft\WindowsApps;C:\Program Files (x86)\Tencent\QQGameTempest\Hall.57773\;C:\Users\14288\AppData\Local\Programs\EmEditor;C:\Users\14288\.dotnet\tools;D:\bc\Microsoft VS Code\bin;D:\bc\PyCharm Community Edition 2023.2.1\bin;D:\杂\Fiddler;C:\Users\14288\.dotnet\tools;D:\bc\Idea\IntelliJ IDEA 2024.3\bin;;D:\bc\Idea\IntelliJ IDEA Community Edition 2024.3\bin;;D:\bc\datagrip\DataGrip 2023.3.4\bin;;D:\nvm\nvm;D:\nvm\nvm\v20.17.0;C:\Users\14288\AppData\Local\Microsoft\WindowsApps;C:\Users\14288\go\bin;."/>
    <property name="java.vm.info" value="mixed mode, sharing"/>
    <property name="stderr.encoding" value="GBK"/>
    <property name="java.vendor" value="Oracle Corporation"/>
    <property name="java.vm.version" value="21.0.1+12-LTS-29"/>
    <property name="sun.io.unicode.encoding" value="UnicodeLittle"/>
    <property name="maven.repo.local" value="D:\bc\MAVEN\maven-repository"/>
    <property name="java.class.version" value="65.0"/>
  </properties>
  <testcase name="contextLoads" classname="com.lyh.springboot.SpringbootApplicationTests" time="1.854">
    <system-out><![CDATA[20:01:52.176 [main] INFO org.springframework.test.context.support.AnnotationConfigContextLoaderUtils -- Could not detect default configuration classes for test class [com.lyh.springboot.SpringbootApplicationTests]: SpringbootApplicationTests does not declare any static, non-private, non-final, nested classes annotated with @Configuration.
20:01:52.487 [main] INFO org.springframework.boot.test.context.SpringBootTestContextBootstrapper -- Found @SpringBootConfiguration com.lyh.springboot.SpringbootApplication for test class com.lyh.springboot.SpringbootApplicationTests

  .   ____          _            __ _ _
 /\\ / ___'_ __ _ _(_)_ __  __ _ \ \ \ \
( ( )\___ | '_ | '_| | '_ \/ _` | \ \ \ \
 \\/  ___)| |_)| | | | | || (_| |  ) ) ) )
  '  |____| .__|_| |_|_| |_\__, | / / / /
 =========|_|==============|___/=/_/_/_/

 :: Spring Boot ::                (v3.3.7)

2025-02-18T20:01:54.009+08:00  INFO 12500 --- [           main] c.l.s.SpringbootApplicationTests         : Starting SpringbootApplicationTests using Java 21.0.1 with PID 12500 (started by 14288 in D:\Desktop\behinddemo\springboot)
2025-02-18T20:01:54.014+08:00  INFO 12500 --- [           main] c.l.s.SpringbootApplicationTests         : No active profile set, falling back to 1 default profile: "default"
Logging initialized using 'class org.apache.ibatis.logging.stdout.StdOutImpl' adapter.


,------.                           ,--.  ,--.         ,--.                         
|  .--. '  ,--,--.  ,---.   ,---.  |  '--'  |  ,---.  |  |  ,---.   ,---.  ,--.--. 
|  '--' | ' ,-.  | | .-. | | .-. : |  .--.  | | .-. : |  | | .-. | | .-. : |  .--' 
|  | --'  \ '-'  | ' '-' ' \   --. |  |  |  | \   --. |  | | '-' ' \   --. |  |    
`--'       `--`--' .`-  /   `----' `--'  `--'  `----' `--' |  |-'   `----' `--'    
                   `---'                                   `--'                        is intercepting.

2025-02-18T20:02:00.256+08:00  INFO 12500 --- [           main] c.l.s.SpringbootApplicationTests         : Started SpringbootApplicationTests in 7.324 seconds (process running for 10.288)
]]></system-out>
    <system-err><![CDATA[WARNING: A Java agent has been loaded dynamically (D:\bc\MAVEN\maven-repository\net\bytebuddy\byte-buddy-agent\1.14.19\byte-buddy-agent-1.14.19.jar)
WARNING: If a serviceability tool is in use, please run with -XX:+EnableDynamicAgentLoading to hide this warning
WARNING: If a serviceability tool is not in use, please run with -Djdk.instrument.traceUsage for more information
WARNING: Dynamic loading of agents will be disallowed by default in a future release
]]></system-err>
  </testcase>
</testsuite>